mode: set
github.com/Dovar001/wallet/pkg/wallet/service.go:23.29,25.2 1 0
github.com/Dovar001/wallet/pkg/wallet/service.go:30.38,32.2 1 0
github.com/Dovar001/wallet/pkg/wallet/service.go:54.76,56.37 1 1
github.com/Dovar001/wallet/pkg/wallet/service.go:61.2,69.20 4 1
github.com/Dovar001/wallet/pkg/wallet/service.go:56.37,57.29 1 1
github.com/Dovar001/wallet/pkg/wallet/service.go:57.29,59.4 1 0
github.com/Dovar001/wallet/pkg/wallet/service.go:72.113,74.17 1 1
github.com/Dovar001/wallet/pkg/wallet/service.go:78.2,79.33 2 1
github.com/Dovar001/wallet/pkg/wallet/service.go:86.2,86.19 1 1
github.com/Dovar001/wallet/pkg/wallet/service.go:89.2,89.30 1 1
github.com/Dovar001/wallet/pkg/wallet/service.go:92.2,102.21 5 1
github.com/Dovar001/wallet/pkg/wallet/service.go:74.17,76.3 1 0
github.com/Dovar001/wallet/pkg/wallet/service.go:79.33,80.25 1 1
github.com/Dovar001/wallet/pkg/wallet/service.go:80.25,82.9 2 1
github.com/Dovar001/wallet/pkg/wallet/service.go:86.19,88.3 1 0
github.com/Dovar001/wallet/pkg/wallet/service.go:89.30,91.3 1 0
github.com/Dovar001/wallet/pkg/wallet/service.go:104.69,105.17 1 1
github.com/Dovar001/wallet/pkg/wallet/service.go:108.2,109.33 2 1
github.com/Dovar001/wallet/pkg/wallet/service.go:117.2,117.19 1 1
github.com/Dovar001/wallet/pkg/wallet/service.go:121.2,122.12 2 1
github.com/Dovar001/wallet/pkg/wallet/service.go:105.17,107.3 1 0
github.com/Dovar001/wallet/pkg/wallet/service.go:109.33,111.25 1 1
github.com/Dovar001/wallet/pkg/wallet/service.go:111.25,113.9 2 1
github.com/Dovar001/wallet/pkg/wallet/service.go:117.19,119.3 1 0
github.com/Dovar001/wallet/pkg/wallet/service.go:127.77,131.32 2 1
github.com/Dovar001/wallet/pkg/wallet/service.go:139.1,139.19 1 1
github.com/Dovar001/wallet/pkg/wallet/service.go:143.1,143.19 1 1
github.com/Dovar001/wallet/pkg/wallet/service.go:131.32,133.24 1 1
github.com/Dovar001/wallet/pkg/wallet/service.go:133.24,135.8 2 1
github.com/Dovar001/wallet/pkg/wallet/service.go:139.19,141.2 1 1
github.com/Dovar001/wallet/pkg/wallet/service.go:148.77,152.32 2 1
github.com/Dovar001/wallet/pkg/wallet/service.go:160.2,160.20 1 1
github.com/Dovar001/wallet/pkg/wallet/service.go:163.2,163.20 1 1
github.com/Dovar001/wallet/pkg/wallet/service.go:152.32,154.25 1 1
github.com/Dovar001/wallet/pkg/wallet/service.go:154.25,156.9 2 1
github.com/Dovar001/wallet/pkg/wallet/service.go:160.20,162.3 1 1
github.com/Dovar001/wallet/pkg/wallet/service.go:167.50,170.29 2 1
github.com/Dovar001/wallet/pkg/wallet/service.go:177.3,179.35 2 1
github.com/Dovar001/wallet/pkg/wallet/service.go:182.3,182.13 1 1
github.com/Dovar001/wallet/pkg/wallet/service.go:170.29,173.4 1 1
github.com/Dovar001/wallet/pkg/wallet/service.go:173.8,173.38 1 0
github.com/Dovar001/wallet/pkg/wallet/service.go:173.38,175.4 1 0
github.com/Dovar001/wallet/pkg/wallet/service.go:179.35,181.4 1 1
github.com/Dovar001/wallet/pkg/wallet/service.go:186.67,189.14 2 1
github.com/Dovar001/wallet/pkg/wallet/service.go:193.1,194.14 2 1
github.com/Dovar001/wallet/pkg/wallet/service.go:197.2,199.15 2 1
github.com/Dovar001/wallet/pkg/wallet/service.go:189.14,191.2 1 0
github.com/Dovar001/wallet/pkg/wallet/service.go:194.14,196.2 1 0
github.com/Dovar001/wallet/pkg/wallet/service.go:203.91,206.16 2 1
github.com/Dovar001/wallet/pkg/wallet/service.go:210.2,219.20 3 1
github.com/Dovar001/wallet/pkg/wallet/service.go:206.16,208.3 1 1
github.com/Dovar001/wallet/pkg/wallet/service.go:223.76,228.16 2 1
github.com/Dovar001/wallet/pkg/wallet/service.go:231.2,233.16 2 1
github.com/Dovar001/wallet/pkg/wallet/service.go:237.2,237.16 1 1
github.com/Dovar001/wallet/pkg/wallet/service.go:228.16,230.3 1 0
github.com/Dovar001/wallet/pkg/wallet/service.go:233.16,235.3 1 0
github.com/Dovar001/wallet/pkg/wallet/service.go:241.80,245.33 2 1
github.com/Dovar001/wallet/pkg/wallet/service.go:253.2,253.21 1 1
github.com/Dovar001/wallet/pkg/wallet/service.go:256.2,256.21 1 1
github.com/Dovar001/wallet/pkg/wallet/service.go:245.33,247.26 1 1
github.com/Dovar001/wallet/pkg/wallet/service.go:247.26,249.9 2 1
github.com/Dovar001/wallet/pkg/wallet/service.go:253.21,255.3 1 0
github.com/Dovar001/wallet/pkg/wallet/service.go:259.50,266.15 3 1
github.com/Dovar001/wallet/pkg/wallet/service.go:271.2,271.17 1 1
github.com/Dovar001/wallet/pkg/wallet/service.go:279.1,279.36 1 1
github.com/Dovar001/wallet/pkg/wallet/service.go:289.1,290.15 2 1
github.com/Dovar001/wallet/pkg/wallet/service.go:295.1,295.11 1 1
github.com/Dovar001/wallet/pkg/wallet/service.go:266.15,269.3 2 1
github.com/Dovar001/wallet/pkg/wallet/service.go:271.17,274.17 2 1
github.com/Dovar001/wallet/pkg/wallet/service.go:274.17,276.4 1 0
github.com/Dovar001/wallet/pkg/wallet/service.go:279.36,288.2 3 1
github.com/Dovar001/wallet/pkg/wallet/service.go:290.15,293.2 2 0
github.com/Dovar001/wallet/pkg/wallet/service.go:299.52,302.16 2 1
github.com/Dovar001/wallet/pkg/wallet/service.go:307.1,310.4 3 0
github.com/Dovar001/wallet/pkg/wallet/service.go:329.1,335.36 4 0
github.com/Dovar001/wallet/pkg/wallet/service.go:359.2,359.12 1 0
github.com/Dovar001/wallet/pkg/wallet/service.go:302.16,305.3 2 1
github.com/Dovar001/wallet/pkg/wallet/service.go:310.4,314.18 2 0
github.com/Dovar001/wallet/pkg/wallet/service.go:321.2,321.16 1 0
github.com/Dovar001/wallet/pkg/wallet/service.go:326.2,326.42 1 0
github.com/Dovar001/wallet/pkg/wallet/service.go:314.18,317.8 2 0
github.com/Dovar001/wallet/pkg/wallet/service.go:321.16,324.3 2 0
github.com/Dovar001/wallet/pkg/wallet/service.go:335.36,340.16 3 0
github.com/Dovar001/wallet/pkg/wallet/service.go:345.2,348.15 3 0
github.com/Dovar001/wallet/pkg/wallet/service.go:353.4,357.6 1 0
github.com/Dovar001/wallet/pkg/wallet/service.go:340.16,343.3 2 0
github.com/Dovar001/wallet/pkg/wallet/service.go:348.15,351.3 2 0
github.com/Dovar001/wallet/pkg/wallet/service.go:365.43,368.23 1 1
github.com/Dovar001/wallet/pkg/wallet/service.go:399.2,399.23 1 1
github.com/Dovar001/wallet/pkg/wallet/service.go:434.1,434.26 1 1
github.com/Dovar001/wallet/pkg/wallet/service.go:471.2,471.12 1 1
github.com/Dovar001/wallet/pkg/wallet/service.go:368.23,372.15 2 1
github.com/Dovar001/wallet/pkg/wallet/service.go:376.1,376.16 1 1
github.com/Dovar001/wallet/pkg/wallet/service.go:384.1,388.37 2 1
github.com/Dovar001/wallet/pkg/wallet/service.go:396.2,396.26 1 1
github.com/Dovar001/wallet/pkg/wallet/service.go:372.15,375.2 2 1
github.com/Dovar001/wallet/pkg/wallet/service.go:376.16,378.38 1 1
github.com/Dovar001/wallet/pkg/wallet/service.go:378.38,379.17 1 0
github.com/Dovar001/wallet/pkg/wallet/service.go:379.17,381.4 1 0
github.com/Dovar001/wallet/pkg/wallet/service.go:388.37,394.3 3 1
github.com/Dovar001/wallet/pkg/wallet/service.go:399.23,402.16 2 1
github.com/Dovar001/wallet/pkg/wallet/service.go:406.2,406.17 1 1
github.com/Dovar001/wallet/pkg/wallet/service.go:415.2,419.37 2 1
github.com/Dovar001/wallet/pkg/wallet/service.go:431.2,431.25 1 1
github.com/Dovar001/wallet/pkg/wallet/service.go:402.16,405.3 2 0
github.com/Dovar001/wallet/pkg/wallet/service.go:406.17,408.38 1 1
github.com/Dovar001/wallet/pkg/wallet/service.go:408.38,409.18 1 0
github.com/Dovar001/wallet/pkg/wallet/service.go:409.18,411.5 1 0
github.com/Dovar001/wallet/pkg/wallet/service.go:419.37,430.3 5 1
github.com/Dovar001/wallet/pkg/wallet/service.go:434.26,438.16 2 1
github.com/Dovar001/wallet/pkg/wallet/service.go:442.2,442.17 1 1
github.com/Dovar001/wallet/pkg/wallet/service.go:451.2,456.39 2 1
github.com/Dovar001/wallet/pkg/wallet/service.go:466.2,466.27 1 1
github.com/Dovar001/wallet/pkg/wallet/service.go:438.16,441.3 2 0
github.com/Dovar001/wallet/pkg/wallet/service.go:442.17,444.40 1 1
github.com/Dovar001/wallet/pkg/wallet/service.go:444.40,445.18 1 0
github.com/Dovar001/wallet/pkg/wallet/service.go:445.18,447.5 1 0
github.com/Dovar001/wallet/pkg/wallet/service.go:456.39,465.3 5 1
github.com/Dovar001/wallet/pkg/wallet/service.go:476.44,479.16 2 1
github.com/Dovar001/wallet/pkg/wallet/service.go:525.1,527.15 2 1
github.com/Dovar001/wallet/pkg/wallet/service.go:575.1,577.15 2 1
github.com/Dovar001/wallet/pkg/wallet/service.go:625.1,625.11 1 1
github.com/Dovar001/wallet/pkg/wallet/service.go:479.16,483.16 2 0
github.com/Dovar001/wallet/pkg/wallet/service.go:488.3,492.23 3 0
github.com/Dovar001/wallet/pkg/wallet/service.go:497.4,497.37 1 0
github.com/Dovar001/wallet/pkg/wallet/service.go:483.16,486.4 2 0
github.com/Dovar001/wallet/pkg/wallet/service.go:492.23,495.5 1 0
github.com/Dovar001/wallet/pkg/wallet/service.go:497.37,502.16 3 0
github.com/Dovar001/wallet/pkg/wallet/service.go:507.2,510.15 3 0
github.com/Dovar001/wallet/pkg/wallet/service.go:515.4,519.6 1 0
github.com/Dovar001/wallet/pkg/wallet/service.go:502.16,505.3 2 0
github.com/Dovar001/wallet/pkg/wallet/service.go:510.15,513.3 2 0
github.com/Dovar001/wallet/pkg/wallet/service.go:527.15,531.16 2 0
github.com/Dovar001/wallet/pkg/wallet/service.go:535.1,539.21 3 0
github.com/Dovar001/wallet/pkg/wallet/service.go:542.1,542.34 1 0
github.com/Dovar001/wallet/pkg/wallet/service.go:531.16,534.2 2 0
github.com/Dovar001/wallet/pkg/wallet/service.go:539.21,541.2 1 0
github.com/Dovar001/wallet/pkg/wallet/service.go:542.34,548.16 4 0
github.com/Dovar001/wallet/pkg/wallet/service.go:553.2,554.15 2 0
github.com/Dovar001/wallet/pkg/wallet/service.go:559.2,569.6 3 0
github.com/Dovar001/wallet/pkg/wallet/service.go:548.16,551.3 2 0
github.com/Dovar001/wallet/pkg/wallet/service.go:554.15,557.3 2 0
github.com/Dovar001/wallet/pkg/wallet/service.go:577.15,580.16 2 0
github.com/Dovar001/wallet/pkg/wallet/service.go:585.2,589.24 3 0
github.com/Dovar001/wallet/pkg/wallet/service.go:592.2,592.37 1 0
github.com/Dovar001/wallet/pkg/wallet/service.go:580.16,583.3 2 0
github.com/Dovar001/wallet/pkg/wallet/service.go:589.24,591.3 1 0
github.com/Dovar001/wallet/pkg/wallet/service.go:592.37,598.17 4 0
github.com/Dovar001/wallet/pkg/wallet/service.go:602.3,604.17 3 0
github.com/Dovar001/wallet/pkg/wallet/service.go:608.3,619.5 2 0
github.com/Dovar001/wallet/pkg/wallet/service.go:598.17,601.4 2 0
github.com/Dovar001/wallet/pkg/wallet/service.go:604.17,607.4 2 0
github.com/Dovar001/wallet/pkg/wallet/service.go:628.82,630.16 2 1
github.com/Dovar001/wallet/pkg/wallet/service.go:633.2,634.37 2 1
github.com/Dovar001/wallet/pkg/wallet/service.go:639.2,639.22 1 1
github.com/Dovar001/wallet/pkg/wallet/service.go:630.16,632.3 1 0
github.com/Dovar001/wallet/pkg/wallet/service.go:634.37,635.37 1 1
github.com/Dovar001/wallet/pkg/wallet/service.go:635.37,637.4 1 1
github.com/Dovar001/wallet/pkg/wallet/service.go:642.91,645.24 3 1
github.com/Dovar001/wallet/pkg/wallet/service.go:648.2,648.30 1 1
github.com/Dovar001/wallet/pkg/wallet/service.go:659.2,661.35 3 1
github.com/Dovar001/wallet/pkg/wallet/service.go:697.2,697.12 1 1
github.com/Dovar001/wallet/pkg/wallet/service.go:645.24,647.3 1 0
github.com/Dovar001/wallet/pkg/wallet/service.go:648.30,650.17 2 0
github.com/Dovar001/wallet/pkg/wallet/service.go:650.17,652.4 1 0
github.com/Dovar001/wallet/pkg/wallet/service.go:653.8,655.17 2 1
github.com/Dovar001/wallet/pkg/wallet/service.go:655.17,657.4 1 1
github.com/Dovar001/wallet/pkg/wallet/service.go:661.35,663.31 2 1
github.com/Dovar001/wallet/pkg/wallet/service.go:670.3,671.17 2 1
github.com/Dovar001/wallet/pkg/wallet/service.go:675.3,676.17 2 1
github.com/Dovar001/wallet/pkg/wallet/service.go:680.3,681.17 2 1
github.com/Dovar001/wallet/pkg/wallet/service.go:685.3,686.17 2 1
github.com/Dovar001/wallet/pkg/wallet/service.go:690.3,691.17 2 1
github.com/Dovar001/wallet/pkg/wallet/service.go:695.3,695.6 1 1
github.com/Dovar001/wallet/pkg/wallet/service.go:663.31,666.18 3 1
github.com/Dovar001/wallet/pkg/wallet/service.go:666.18,668.5 1 0
github.com/Dovar001/wallet/pkg/wallet/service.go:671.17,674.4 2 0
github.com/Dovar001/wallet/pkg/wallet/service.go:676.17,679.4 2 0
github.com/Dovar001/wallet/pkg/wallet/service.go:681.17,684.4 2 0
github.com/Dovar001/wallet/pkg/wallet/service.go:686.17,689.4 2 0
github.com/Dovar001/wallet/pkg/wallet/service.go:691.17,694.4 2 0
github.com/Dovar001/wallet/pkg/wallet/service.go:700.58,706.19 4 1
github.com/Dovar001/wallet/pkg/wallet/service.go:774.1,774.11 1 0
github.com/Dovar001/wallet/pkg/wallet/service.go:706.19,708.12 2 0
github.com/Dovar001/wallet/pkg/wallet/service.go:722.2,722.11 1 0
github.com/Dovar001/wallet/pkg/wallet/service.go:708.12,713.38 3 0
github.com/Dovar001/wallet/pkg/wallet/service.go:717.3,719.11 3 0
github.com/Dovar001/wallet/pkg/wallet/service.go:713.38,716.4 1 0
github.com/Dovar001/wallet/pkg/wallet/service.go:723.10,734.37 6 1
github.com/Dovar001/wallet/pkg/wallet/service.go:756.2,758.12 2 1
github.com/Dovar001/wallet/pkg/wallet/service.go:771.2,772.12 2 1
github.com/Dovar001/wallet/pkg/wallet/service.go:734.37,737.21 2 1
github.com/Dovar001/wallet/pkg/wallet/service.go:737.21,745.36 4 1
github.com/Dovar001/wallet/pkg/wallet/service.go:749.3,751.11 3 1
github.com/Dovar001/wallet/pkg/wallet/service.go:745.36,748.4 1 0
github.com/Dovar001/wallet/pkg/wallet/service.go:758.12,762.38 4 1
github.com/Dovar001/wallet/pkg/wallet/service.go:766.3,768.11 3 1
github.com/Dovar001/wallet/pkg/wallet/service.go:762.38,765.4 1 1
github.com/Dovar001/wallet/pkg/wallet/service.go:778.92,785.16 5 0
github.com/Dovar001/wallet/pkg/wallet/service.go:789.2,789.20 1 0
github.com/Dovar001/wallet/pkg/wallet/service.go:878.2,878.25 1 0
github.com/Dovar001/wallet/pkg/wallet/service.go:785.16,787.3 1 0
github.com/Dovar001/wallet/pkg/wallet/service.go:789.20,791.13 2 0
github.com/Dovar001/wallet/pkg/wallet/service.go:815.3,815.12 1 0
github.com/Dovar001/wallet/pkg/wallet/service.go:791.13,796.39 3 0
github.com/Dovar001/wallet/pkg/wallet/service.go:810.4,812.45 3 0
github.com/Dovar001/wallet/pkg/wallet/service.go:796.39,797.40 1 0
github.com/Dovar001/wallet/pkg/wallet/service.go:797.40,807.6 1 0
github.com/Dovar001/wallet/pkg/wallet/service.go:816.8,820.36 3 0
github.com/Dovar001/wallet/pkg/wallet/service.go:853.3,854.13 2 0
github.com/Dovar001/wallet/pkg/wallet/service.go:873.3,874.28 2 0
github.com/Dovar001/wallet/pkg/wallet/service.go:820.36,822.23 2 0
github.com/Dovar001/wallet/pkg/wallet/service.go:822.23,827.40 4 0
github.com/Dovar001/wallet/pkg/wallet/service.go:834.5,835.38 2 0
github.com/Dovar001/wallet/pkg/wallet/service.go:847.5,849.46 3 0
github.com/Dovar001/wallet/pkg/wallet/service.go:827.40,828.33 1 0
github.com/Dovar001/wallet/pkg/wallet/service.go:828.33,832.7 1 0
github.com/Dovar001/wallet/pkg/wallet/service.go:835.38,836.40 1 0
github.com/Dovar001/wallet/pkg/wallet/service.go:836.40,845.7 1 0
github.com/Dovar001/wallet/pkg/wallet/service.go:854.13,858.37 4 0
github.com/Dovar001/wallet/pkg/wallet/service.go:869.4,871.45 3 0
github.com/Dovar001/wallet/pkg/wallet/service.go:858.37,859.39 1 0
github.com/Dovar001/wallet/pkg/wallet/service.go:859.39,867.6 1 0
github.com/Dovar001/wallet/pkg/wallet/service.go:874.28,876.4 1 0
github.com/Dovar001/wallet/pkg/wallet/service.go:883.121,885.21 1 0
github.com/Dovar001/wallet/pkg/wallet/service.go:894.2,899.49 6 0
github.com/Dovar001/wallet/pkg/wallet/service.go:914.2,915.22 2 0
github.com/Dovar001/wallet/pkg/wallet/service.go:885.21,887.38 2 0
github.com/Dovar001/wallet/pkg/wallet/service.go:892.3,892.23 1 0
github.com/Dovar001/wallet/pkg/wallet/service.go:887.38,888.32 1 0
github.com/Dovar001/wallet/pkg/wallet/service.go:888.32,890.5 1 0
github.com/Dovar001/wallet/pkg/wallet/service.go:899.49,900.35 1 0
github.com/Dovar001/wallet/pkg/wallet/service.go:903.3,903.27 1 0
github.com/Dovar001/wallet/pkg/wallet/service.go:900.35,902.4 1 0
github.com/Dovar001/wallet/pkg/wallet/service.go:903.27,905.23 2 0
github.com/Dovar001/wallet/pkg/wallet/service.go:910.4,911.13 2 0
github.com/Dovar001/wallet/pkg/wallet/service.go:905.23,906.39 1 0
github.com/Dovar001/wallet/pkg/wallet/service.go:906.39,908.6 1 0
github.com/Dovar001/wallet/pkg/wallet/service.go:923.67,931.16 6 1
github.com/Dovar001/wallet/pkg/wallet/service.go:935.3,935.30 1 1
github.com/Dovar001/wallet/pkg/wallet/service.go:958.3,958.29 1 1
github.com/Dovar001/wallet/pkg/wallet/service.go:975.3,975.13 1 1
github.com/Dovar001/wallet/pkg/wallet/service.go:980.3,980.12 1 1
github.com/Dovar001/wallet/pkg/wallet/service.go:931.16,933.4 1 1
github.com/Dovar001/wallet/pkg/wallet/service.go:935.30,938.31 3 1
github.com/Dovar001/wallet/pkg/wallet/service.go:943.5,943.60 1 1
github.com/Dovar001/wallet/pkg/wallet/service.go:938.31,940.6 1 1
github.com/Dovar001/wallet/pkg/wallet/service.go:940.11,942.6 1 0
github.com/Dovar001/wallet/pkg/wallet/service.go:943.60,946.30 3 1
github.com/Dovar001/wallet/pkg/wallet/service.go:949.7,949.33 1 1
github.com/Dovar001/wallet/pkg/wallet/service.go:946.30,948.8 1 1
github.com/Dovar001/wallet/pkg/wallet/service.go:949.33,954.8 1 1
github.com/Dovar001/wallet/pkg/wallet/service.go:958.29,961.60 3 0
github.com/Dovar001/wallet/pkg/wallet/service.go:961.60,964.30 3 0
github.com/Dovar001/wallet/pkg/wallet/service.go:967.7,970.8 1 0
github.com/Dovar001/wallet/pkg/wallet/service.go:964.30,966.8 1 0
github.com/Dovar001/wallet/pkg/wallet/service.go:975.13,978.4 2 1
