mode: set
github.com/Dovar001/wallet/pkg/wallet/service.go:22.29,24.2 1 0
github.com/Dovar001/wallet/pkg/wallet/service.go:29.38,31.2 1 0
github.com/Dovar001/wallet/pkg/wallet/service.go:53.76,55.37 1 1
github.com/Dovar001/wallet/pkg/wallet/service.go:60.2,68.20 4 1
github.com/Dovar001/wallet/pkg/wallet/service.go:55.37,56.29 1 1
github.com/Dovar001/wallet/pkg/wallet/service.go:56.29,58.4 1 0
github.com/Dovar001/wallet/pkg/wallet/service.go:71.113,73.17 1 1
github.com/Dovar001/wallet/pkg/wallet/service.go:77.2,78.33 2 1
github.com/Dovar001/wallet/pkg/wallet/service.go:85.2,85.19 1 1
github.com/Dovar001/wallet/pkg/wallet/service.go:88.2,88.30 1 1
github.com/Dovar001/wallet/pkg/wallet/service.go:91.2,101.21 5 1
github.com/Dovar001/wallet/pkg/wallet/service.go:73.17,75.3 1 0
github.com/Dovar001/wallet/pkg/wallet/service.go:78.33,79.25 1 1
github.com/Dovar001/wallet/pkg/wallet/service.go:79.25,81.9 2 1
github.com/Dovar001/wallet/pkg/wallet/service.go:85.19,87.3 1 0
github.com/Dovar001/wallet/pkg/wallet/service.go:88.30,90.3 1 0
github.com/Dovar001/wallet/pkg/wallet/service.go:103.69,104.17 1 1
github.com/Dovar001/wallet/pkg/wallet/service.go:107.2,108.33 2 1
github.com/Dovar001/wallet/pkg/wallet/service.go:116.2,116.19 1 1
github.com/Dovar001/wallet/pkg/wallet/service.go:120.2,121.12 2 1
github.com/Dovar001/wallet/pkg/wallet/service.go:104.17,106.3 1 0
github.com/Dovar001/wallet/pkg/wallet/service.go:108.33,110.25 1 1
github.com/Dovar001/wallet/pkg/wallet/service.go:110.25,112.9 2 1
github.com/Dovar001/wallet/pkg/wallet/service.go:116.19,118.3 1 0
github.com/Dovar001/wallet/pkg/wallet/service.go:126.77,130.32 2 1
github.com/Dovar001/wallet/pkg/wallet/service.go:138.1,138.19 1 1
github.com/Dovar001/wallet/pkg/wallet/service.go:142.1,142.19 1 1
github.com/Dovar001/wallet/pkg/wallet/service.go:130.32,132.24 1 1
github.com/Dovar001/wallet/pkg/wallet/service.go:132.24,134.8 2 1
github.com/Dovar001/wallet/pkg/wallet/service.go:138.19,140.2 1 1
github.com/Dovar001/wallet/pkg/wallet/service.go:147.77,151.32 2 1
github.com/Dovar001/wallet/pkg/wallet/service.go:159.2,159.20 1 1
github.com/Dovar001/wallet/pkg/wallet/service.go:162.2,162.20 1 1
github.com/Dovar001/wallet/pkg/wallet/service.go:151.32,153.25 1 1
github.com/Dovar001/wallet/pkg/wallet/service.go:153.25,155.9 2 1
github.com/Dovar001/wallet/pkg/wallet/service.go:159.20,161.3 1 1
github.com/Dovar001/wallet/pkg/wallet/service.go:166.50,169.29 2 1
github.com/Dovar001/wallet/pkg/wallet/service.go:176.3,178.35 2 1
github.com/Dovar001/wallet/pkg/wallet/service.go:181.3,181.13 1 1
github.com/Dovar001/wallet/pkg/wallet/service.go:169.29,172.4 1 1
github.com/Dovar001/wallet/pkg/wallet/service.go:172.8,172.38 1 0
github.com/Dovar001/wallet/pkg/wallet/service.go:172.38,174.4 1 0
github.com/Dovar001/wallet/pkg/wallet/service.go:178.35,180.4 1 1
github.com/Dovar001/wallet/pkg/wallet/service.go:185.67,188.14 2 1
github.com/Dovar001/wallet/pkg/wallet/service.go:192.1,193.14 2 1
github.com/Dovar001/wallet/pkg/wallet/service.go:196.2,198.15 2 1
github.com/Dovar001/wallet/pkg/wallet/service.go:188.14,190.2 1 0
github.com/Dovar001/wallet/pkg/wallet/service.go:193.14,195.2 1 0
github.com/Dovar001/wallet/pkg/wallet/service.go:202.91,205.16 2 1
github.com/Dovar001/wallet/pkg/wallet/service.go:209.2,218.20 3 1
github.com/Dovar001/wallet/pkg/wallet/service.go:205.16,207.3 1 1
github.com/Dovar001/wallet/pkg/wallet/service.go:222.76,227.16 2 1
github.com/Dovar001/wallet/pkg/wallet/service.go:230.2,232.16 2 1
github.com/Dovar001/wallet/pkg/wallet/service.go:236.2,236.16 1 1
github.com/Dovar001/wallet/pkg/wallet/service.go:227.16,229.3 1 0
github.com/Dovar001/wallet/pkg/wallet/service.go:232.16,234.3 1 0
github.com/Dovar001/wallet/pkg/wallet/service.go:240.80,244.33 2 1
github.com/Dovar001/wallet/pkg/wallet/service.go:252.2,252.21 1 1
github.com/Dovar001/wallet/pkg/wallet/service.go:255.2,255.21 1 1
github.com/Dovar001/wallet/pkg/wallet/service.go:244.33,246.26 1 1
github.com/Dovar001/wallet/pkg/wallet/service.go:246.26,248.9 2 1
github.com/Dovar001/wallet/pkg/wallet/service.go:252.21,254.3 1 0
github.com/Dovar001/wallet/pkg/wallet/service.go:258.50,265.15 3 1
github.com/Dovar001/wallet/pkg/wallet/service.go:270.2,270.17 1 0
github.com/Dovar001/wallet/pkg/wallet/service.go:278.1,278.36 1 0
github.com/Dovar001/wallet/pkg/wallet/service.go:288.1,289.15 2 0
github.com/Dovar001/wallet/pkg/wallet/service.go:294.1,294.11 1 0
github.com/Dovar001/wallet/pkg/wallet/service.go:265.15,268.3 2 1
github.com/Dovar001/wallet/pkg/wallet/service.go:270.17,273.17 2 0
github.com/Dovar001/wallet/pkg/wallet/service.go:273.17,275.4 1 0
github.com/Dovar001/wallet/pkg/wallet/service.go:278.36,287.2 3 0
github.com/Dovar001/wallet/pkg/wallet/service.go:289.15,292.2 2 0
github.com/Dovar001/wallet/pkg/wallet/service.go:298.52,301.16 2 1
github.com/Dovar001/wallet/pkg/wallet/service.go:306.1,309.4 3 0
github.com/Dovar001/wallet/pkg/wallet/service.go:328.1,334.36 4 0
github.com/Dovar001/wallet/pkg/wallet/service.go:358.2,358.12 1 0
github.com/Dovar001/wallet/pkg/wallet/service.go:301.16,304.3 2 1
github.com/Dovar001/wallet/pkg/wallet/service.go:309.4,313.18 2 0
github.com/Dovar001/wallet/pkg/wallet/service.go:320.2,320.16 1 0
github.com/Dovar001/wallet/pkg/wallet/service.go:325.2,325.42 1 0
github.com/Dovar001/wallet/pkg/wallet/service.go:313.18,316.8 2 0
github.com/Dovar001/wallet/pkg/wallet/service.go:320.16,323.3 2 0
github.com/Dovar001/wallet/pkg/wallet/service.go:334.36,339.16 3 0
github.com/Dovar001/wallet/pkg/wallet/service.go:344.2,347.15 3 0
github.com/Dovar001/wallet/pkg/wallet/service.go:352.4,356.6 1 0
github.com/Dovar001/wallet/pkg/wallet/service.go:339.16,342.3 2 0
github.com/Dovar001/wallet/pkg/wallet/service.go:347.15,350.3 2 0
github.com/Dovar001/wallet/pkg/wallet/service.go:364.43,367.23 1 1
github.com/Dovar001/wallet/pkg/wallet/service.go:398.2,398.23 1 1
github.com/Dovar001/wallet/pkg/wallet/service.go:433.1,433.26 1 1
github.com/Dovar001/wallet/pkg/wallet/service.go:470.2,470.12 1 1
github.com/Dovar001/wallet/pkg/wallet/service.go:367.23,371.15 2 1
github.com/Dovar001/wallet/pkg/wallet/service.go:375.1,375.16 1 1
github.com/Dovar001/wallet/pkg/wallet/service.go:383.1,387.37 2 1
github.com/Dovar001/wallet/pkg/wallet/service.go:395.2,395.26 1 1
github.com/Dovar001/wallet/pkg/wallet/service.go:371.15,374.2 2 1
github.com/Dovar001/wallet/pkg/wallet/service.go:375.16,377.38 1 1
github.com/Dovar001/wallet/pkg/wallet/service.go:377.38,378.17 1 0
github.com/Dovar001/wallet/pkg/wallet/service.go:378.17,380.4 1 0
github.com/Dovar001/wallet/pkg/wallet/service.go:387.37,393.3 3 1
github.com/Dovar001/wallet/pkg/wallet/service.go:398.23,401.16 2 1
github.com/Dovar001/wallet/pkg/wallet/service.go:405.2,405.17 1 1
github.com/Dovar001/wallet/pkg/wallet/service.go:414.2,418.37 2 1
github.com/Dovar001/wallet/pkg/wallet/service.go:430.2,430.25 1 1
github.com/Dovar001/wallet/pkg/wallet/service.go:401.16,404.3 2 0
github.com/Dovar001/wallet/pkg/wallet/service.go:405.17,407.38 1 1
github.com/Dovar001/wallet/pkg/wallet/service.go:407.38,408.18 1 0
github.com/Dovar001/wallet/pkg/wallet/service.go:408.18,410.5 1 0
github.com/Dovar001/wallet/pkg/wallet/service.go:418.37,429.3 5 1
github.com/Dovar001/wallet/pkg/wallet/service.go:433.26,437.16 2 1
github.com/Dovar001/wallet/pkg/wallet/service.go:441.2,441.17 1 1
github.com/Dovar001/wallet/pkg/wallet/service.go:450.2,455.39 2 1
github.com/Dovar001/wallet/pkg/wallet/service.go:465.2,465.27 1 1
github.com/Dovar001/wallet/pkg/wallet/service.go:437.16,440.3 2 0
github.com/Dovar001/wallet/pkg/wallet/service.go:441.17,443.40 1 1
github.com/Dovar001/wallet/pkg/wallet/service.go:443.40,444.18 1 0
github.com/Dovar001/wallet/pkg/wallet/service.go:444.18,446.5 1 0
github.com/Dovar001/wallet/pkg/wallet/service.go:455.39,464.3 5 1
github.com/Dovar001/wallet/pkg/wallet/service.go:475.44,478.16 2 1
github.com/Dovar001/wallet/pkg/wallet/service.go:524.1,526.15 2 1
github.com/Dovar001/wallet/pkg/wallet/service.go:574.1,576.15 2 1
github.com/Dovar001/wallet/pkg/wallet/service.go:624.1,624.11 1 1
github.com/Dovar001/wallet/pkg/wallet/service.go:478.16,482.16 2 0
github.com/Dovar001/wallet/pkg/wallet/service.go:487.3,491.23 3 0
github.com/Dovar001/wallet/pkg/wallet/service.go:496.4,496.37 1 0
github.com/Dovar001/wallet/pkg/wallet/service.go:482.16,485.4 2 0
github.com/Dovar001/wallet/pkg/wallet/service.go:491.23,494.5 1 0
github.com/Dovar001/wallet/pkg/wallet/service.go:496.37,501.16 3 0
github.com/Dovar001/wallet/pkg/wallet/service.go:506.2,509.15 3 0
github.com/Dovar001/wallet/pkg/wallet/service.go:514.4,518.6 1 0
github.com/Dovar001/wallet/pkg/wallet/service.go:501.16,504.3 2 0
github.com/Dovar001/wallet/pkg/wallet/service.go:509.15,512.3 2 0
github.com/Dovar001/wallet/pkg/wallet/service.go:526.15,530.16 2 0
github.com/Dovar001/wallet/pkg/wallet/service.go:534.1,538.21 3 0
github.com/Dovar001/wallet/pkg/wallet/service.go:541.1,541.34 1 0
github.com/Dovar001/wallet/pkg/wallet/service.go:530.16,533.2 2 0
github.com/Dovar001/wallet/pkg/wallet/service.go:538.21,540.2 1 0
github.com/Dovar001/wallet/pkg/wallet/service.go:541.34,547.16 4 0
github.com/Dovar001/wallet/pkg/wallet/service.go:552.2,553.15 2 0
github.com/Dovar001/wallet/pkg/wallet/service.go:558.2,568.6 3 0
github.com/Dovar001/wallet/pkg/wallet/service.go:547.16,550.3 2 0
github.com/Dovar001/wallet/pkg/wallet/service.go:553.15,556.3 2 0
github.com/Dovar001/wallet/pkg/wallet/service.go:576.15,579.16 2 0
github.com/Dovar001/wallet/pkg/wallet/service.go:584.2,588.24 3 0
github.com/Dovar001/wallet/pkg/wallet/service.go:591.2,591.37 1 0
github.com/Dovar001/wallet/pkg/wallet/service.go:579.16,582.3 2 0
github.com/Dovar001/wallet/pkg/wallet/service.go:588.24,590.3 1 0
github.com/Dovar001/wallet/pkg/wallet/service.go:591.37,597.17 4 0
github.com/Dovar001/wallet/pkg/wallet/service.go:601.3,603.17 3 0
github.com/Dovar001/wallet/pkg/wallet/service.go:607.3,618.5 2 0
github.com/Dovar001/wallet/pkg/wallet/service.go:597.17,600.4 2 0
github.com/Dovar001/wallet/pkg/wallet/service.go:603.17,606.4 2 0
github.com/Dovar001/wallet/pkg/wallet/service.go:627.82,629.16 2 1
github.com/Dovar001/wallet/pkg/wallet/service.go:632.2,633.37 2 1
github.com/Dovar001/wallet/pkg/wallet/service.go:638.2,638.22 1 1
github.com/Dovar001/wallet/pkg/wallet/service.go:629.16,631.3 1 0
github.com/Dovar001/wallet/pkg/wallet/service.go:633.37,634.37 1 1
github.com/Dovar001/wallet/pkg/wallet/service.go:634.37,636.4 1 1
github.com/Dovar001/wallet/pkg/wallet/service.go:641.91,644.24 3 1
github.com/Dovar001/wallet/pkg/wallet/service.go:647.2,647.30 1 1
github.com/Dovar001/wallet/pkg/wallet/service.go:658.2,660.35 3 1
github.com/Dovar001/wallet/pkg/wallet/service.go:696.2,696.12 1 1
github.com/Dovar001/wallet/pkg/wallet/service.go:644.24,646.3 1 0
github.com/Dovar001/wallet/pkg/wallet/service.go:647.30,649.17 2 0
github.com/Dovar001/wallet/pkg/wallet/service.go:649.17,651.4 1 0
github.com/Dovar001/wallet/pkg/wallet/service.go:652.8,654.17 2 1
github.com/Dovar001/wallet/pkg/wallet/service.go:654.17,656.4 1 1
github.com/Dovar001/wallet/pkg/wallet/service.go:660.35,662.31 2 1
github.com/Dovar001/wallet/pkg/wallet/service.go:669.3,670.17 2 1
github.com/Dovar001/wallet/pkg/wallet/service.go:674.3,675.17 2 1
github.com/Dovar001/wallet/pkg/wallet/service.go:679.3,680.17 2 1
github.com/Dovar001/wallet/pkg/wallet/service.go:684.3,685.17 2 1
github.com/Dovar001/wallet/pkg/wallet/service.go:689.3,690.17 2 1
github.com/Dovar001/wallet/pkg/wallet/service.go:694.3,694.6 1 1
github.com/Dovar001/wallet/pkg/wallet/service.go:662.31,665.18 3 1
github.com/Dovar001/wallet/pkg/wallet/service.go:665.18,667.5 1 0
github.com/Dovar001/wallet/pkg/wallet/service.go:670.17,673.4 2 0
github.com/Dovar001/wallet/pkg/wallet/service.go:675.17,678.4 2 0
github.com/Dovar001/wallet/pkg/wallet/service.go:680.17,683.4 2 0
github.com/Dovar001/wallet/pkg/wallet/service.go:685.17,688.4 2 0
github.com/Dovar001/wallet/pkg/wallet/service.go:690.17,693.4 2 0
github.com/Dovar001/wallet/pkg/wallet/service.go:699.58,705.19 4 1
github.com/Dovar001/wallet/pkg/wallet/service.go:773.1,773.11 1 0
github.com/Dovar001/wallet/pkg/wallet/service.go:705.19,707.12 2 0
github.com/Dovar001/wallet/pkg/wallet/service.go:721.2,721.11 1 0
github.com/Dovar001/wallet/pkg/wallet/service.go:707.12,712.38 3 0
github.com/Dovar001/wallet/pkg/wallet/service.go:716.3,718.11 3 0
github.com/Dovar001/wallet/pkg/wallet/service.go:712.38,715.4 1 0
github.com/Dovar001/wallet/pkg/wallet/service.go:722.10,733.37 6 1
github.com/Dovar001/wallet/pkg/wallet/service.go:755.2,757.12 2 1
github.com/Dovar001/wallet/pkg/wallet/service.go:770.2,771.12 2 1
github.com/Dovar001/wallet/pkg/wallet/service.go:733.37,736.21 2 1
github.com/Dovar001/wallet/pkg/wallet/service.go:736.21,744.36 4 1
github.com/Dovar001/wallet/pkg/wallet/service.go:748.3,750.11 3 1
github.com/Dovar001/wallet/pkg/wallet/service.go:744.36,747.4 1 0
github.com/Dovar001/wallet/pkg/wallet/service.go:757.12,761.38 4 1
github.com/Dovar001/wallet/pkg/wallet/service.go:765.3,767.11 3 1
github.com/Dovar001/wallet/pkg/wallet/service.go:761.38,764.4 1 1
